INFO:werkzeug:[31m[1mWARNING: This is a development server. Do not use it in a production deployment. Use a production WSGI server instead.[0m
 * Running on http://127.0.0.1:5000
INFO:werkzeug:[33mPress CTRL+C to quit[0m
ERROR:app:Exception on /preprocessing [POST]
Traceback (most recent call last):
  File "c:\KULIAH\backend-sentiment\.venv\Lib\site-packages\flask\app.py", line 2190, in wsgi_app
    response = self.full_dispatch_request()
               ^^^^^^^^^^^^^^^^^^^^^^^^^^^^
  File "c:\KULIAH\backend-sentiment\.venv\Lib\site-packages\flask\app.py", line 1486, in full_dispatch_request
    rv = self.handle_user_exception(e)
         ^^^^^^^^^^^^^^^^^^^^^^^^^^^^^
  File "c:\KULIAH\backend-sentiment\.venv\Lib\site-packages\flask_cors\extension.py", line 165, in wrapped_function
    return cors_after_request(app.make_response(f(*args, **kwargs)))
                                                ^^^^^^^^^^^^^^^^^^
  File "c:\KULIAH\backend-sentiment\.venv\Lib\site-packages\flask\app.py", line 1484, in full_dispatch_request
    rv = self.dispatch_request()
         ^^^^^^^^^^^^^^^^^^^^^^^
  File "c:\KULIAH\backend-sentiment\.venv\Lib\site-packages\flask\app.py", line 1469, in dispatch_request
    return self.ensure_sync(self.view_functions[rule.endpoint])(**view_args)
           ^^^^^^^^^^^^^^^^^^^^^^^^^^^^^^^^^^^^^^^^^^^^^^^^^^^^^^^^^^^^^^^^^
  File "C:\KULIAH\backend-sentiment\app.py", line 280, in pre_processing
    'tokenize_text': word_tokenize(tweet.get('full_text')),
                     ^^^^^^^^^^^^^^^^^^^^^^^^^^^^^^^^^^^^^
  File "c:\KULIAH\backend-sentiment\.venv\Lib\site-packages\nltk\tokenize\__init__.py", line 129, in word_tokenize
    sentences = [text] if preserve_line else sent_tokenize(text, language)
                                             ^^^^^^^^^^^^^^^^^^^^^^^^^^^^^
  File "c:\KULIAH\backend-sentiment\.venv\Lib\site-packages\nltk\tokenize\__init__.py", line 107, in sent_tokenize
    return tokenizer.tokenize(text)
           ^^^^^^^^^^^^^^^^^^^^^^^^
  File "c:\KULIAH\backend-sentiment\.venv\Lib\site-packages\nltk\tokenize\punkt.py", line 1281, in tokenize
    return list(self.sentences_from_text(text, realign_boundaries))
                ^^^^^^^^^^^^^^^^^^^^^^^^^^^^^^^^^^^^^^^^^^^^^^^^^^
  File "c:\KULIAH\backend-sentiment\.venv\Lib\site-packages\nltk\tokenize\punkt.py", line 1341, in sentences_from_text
    return [text[s:e] for s, e in self.span_tokenize(text, realign_boundaries)]
           ^^^^^^^^^^^^^^^^^^^^^^^^^^^^^^^^^^^^^^^^^^^^^^^^^^^^^^^^^^^^^^^^^^^^
  File "c:\KULIAH\backend-sentiment\.venv\Lib\site-packages\nltk\tokenize\punkt.py", line 1341, in <listcomp>
    return [text[s:e] for s, e in self.span_tokenize(text, realign_boundaries)]
           ^^^^^^^^^^^^^^^^^^^^^^^^^^^^^^^^^^^^^^^^^^^^^^^^^^^^^^^^^^^^^^^^^^^^
  File "c:\KULIAH\backend-sentiment\.venv\Lib\site-packages\nltk\tokenize\punkt.py", line 1329, in span_tokenize
    for sentence in slices:
  File "c:\KULIAH\backend-sentiment\.venv\Lib\site-packages\nltk\tokenize\punkt.py", line 1459, in _realign_boundaries
    for sentence1, sentence2 in _pair_iter(slices):
  File "c:\KULIAH\backend-sentiment\.venv\Lib\site-packages\nltk\tokenize\punkt.py", line 321, in _pair_iter
    prev = next(iterator)
           ^^^^^^^^^^^^^^
  File "c:\KULIAH\backend-sentiment\.venv\Lib\site-packages\nltk\tokenize\punkt.py", line 1431, in _slices_from_text
    for match, context in self._match_potential_end_contexts(text):
  File "c:\KULIAH\backend-sentiment\.venv\Lib\site-packages\nltk\tokenize\punkt.py", line 1395, in _match_potential_end_contexts
    for match in self._lang_vars.period_context_re().finditer(text):
                 ^^^^^^^^^^^^^^^^^^^^^^^^^^^^^^^^^^^^^^^^^^^^^^^^^^
TypeError: expected string or bytes-like object, got 'NoneType'
INFO:werkzeug:127.0.0.1 - - [18/May/2023 15:22:27] "[35m[1mPOST /preprocessing HTTP/1.1[0m" 500 -
INFO:werkzeug:[31m[1mWARNING: This is a development server. Do not use it in a production deployment. Use a production WSGI server instead.[0m
 * Running on http://127.0.0.1:5000
INFO:werkzeug:[33mPress CTRL+C to quit[0m
ERROR:app:Exception on /preprocessing [POST]
Traceback (most recent call last):
  File "c:\KULIAH\backend-sentiment\.venv\Lib\site-packages\flask\app.py", line 2190, in wsgi_app
    response = self.full_dispatch_request()
               ^^^^^^^^^^^^^^^^^^^^^^^^^^^^
  File "c:\KULIAH\backend-sentiment\.venv\Lib\site-packages\flask\app.py", line 1486, in full_dispatch_request
    rv = self.handle_user_exception(e)
         ^^^^^^^^^^^^^^^^^^^^^^^^^^^^^
  File "c:\KULIAH\backend-sentiment\.venv\Lib\site-packages\flask_cors\extension.py", line 165, in wrapped_function
    return cors_after_request(app.make_response(f(*args, **kwargs)))
                                                ^^^^^^^^^^^^^^^^^^
  File "c:\KULIAH\backend-sentiment\.venv\Lib\site-packages\flask\app.py", line 1484, in full_dispatch_request
    rv = self.dispatch_request()
         ^^^^^^^^^^^^^^^^^^^^^^^
  File "c:\KULIAH\backend-sentiment\.venv\Lib\site-packages\flask\app.py", line 1469, in dispatch_request
    return self.ensure_sync(self.view_functions[rule.endpoint])(**view_args)
           ^^^^^^^^^^^^^^^^^^^^^^^^^^^^^^^^^^^^^^^^^^^^^^^^^^^^^^^^^^^^^^^^^
  File "C:\KULIAH\backend-sentiment\app.py", line 279, in pre_processing
    'tokenize_text': word_tokenize(tweet.get('full_text')),
                     ^^^^^^^^^^^^^^^^^^^^^^^^^^^^^^^^^^^^^
  File "c:\KULIAH\backend-sentiment\.venv\Lib\site-packages\nltk\tokenize\__init__.py", line 129, in word_tokenize
    sentences = [text] if preserve_line else sent_tokenize(text, language)
                                             ^^^^^^^^^^^^^^^^^^^^^^^^^^^^^
  File "c:\KULIAH\backend-sentiment\.venv\Lib\site-packages\nltk\tokenize\__init__.py", line 107, in sent_tokenize
    return tokenizer.tokenize(text)
           ^^^^^^^^^^^^^^^^^^^^^^^^
  File "c:\KULIAH\backend-sentiment\.venv\Lib\site-packages\nltk\tokenize\punkt.py", line 1281, in tokenize
    return list(self.sentences_from_text(text, realign_boundaries))
                ^^^^^^^^^^^^^^^^^^^^^^^^^^^^^^^^^^^^^^^^^^^^^^^^^^
  File "c:\KULIAH\backend-sentiment\.venv\Lib\site-packages\nltk\tokenize\punkt.py", line 1341, in sentences_from_text
    return [text[s:e] for s, e in self.span_tokenize(text, realign_boundaries)]
           ^^^^^^^^^^^^^^^^^^^^^^^^^^^^^^^^^^^^^^^^^^^^^^^^^^^^^^^^^^^^^^^^^^^^
  File "c:\KULIAH\backend-sentiment\.venv\Lib\site-packages\nltk\tokenize\punkt.py", line 1341, in <listcomp>
    return [text[s:e] for s, e in self.span_tokenize(text, realign_boundaries)]
           ^^^^^^^^^^^^^^^^^^^^^^^^^^^^^^^^^^^^^^^^^^^^^^^^^^^^^^^^^^^^^^^^^^^^
  File "c:\KULIAH\backend-sentiment\.venv\Lib\site-packages\nltk\tokenize\punkt.py", line 1329, in span_tokenize
    for sentence in slices:
  File "c:\KULIAH\backend-sentiment\.venv\Lib\site-packages\nltk\tokenize\punkt.py", line 1459, in _realign_boundaries
    for sentence1, sentence2 in _pair_iter(slices):
  File "c:\KULIAH\backend-sentiment\.venv\Lib\site-packages\nltk\tokenize\punkt.py", line 321, in _pair_iter
    prev = next(iterator)
           ^^^^^^^^^^^^^^
  File "c:\KULIAH\backend-sentiment\.venv\Lib\site-packages\nltk\tokenize\punkt.py", line 1431, in _slices_from_text
    for match, context in self._match_potential_end_contexts(text):
  File "c:\KULIAH\backend-sentiment\.venv\Lib\site-packages\nltk\tokenize\punkt.py", line 1395, in _match_potential_end_contexts
    for match in self._lang_vars.period_context_re().finditer(text):
                 ^^^^^^^^^^^^^^^^^^^^^^^^^^^^^^^^^^^^^^^^^^^^^^^^^^
TypeError: expected string or bytes-like object, got 'NoneType'
INFO:werkzeug:127.0.0.1 - - [18/May/2023 15:28:23] "[35m[1mPOST /preprocessing HTTP/1.1[0m" 500 -
INFO:werkzeug:[31m[1mWARNING: This is a development server. Do not use it in a production deployment. Use a production WSGI server instead.[0m
 * Running on http://127.0.0.1:5000
INFO:werkzeug:[33mPress CTRL+C to quit[0m
INFO:werkzeug:127.0.0.1 - - [18/May/2023 15:31:45] "POST /preprocessing HTTP/1.1" 200 -
INFO:werkzeug:[31m[1mWARNING: This is a development server. Do not use it in a production deployment. Use a production WSGI server instead.[0m
 * Running on http://127.0.0.1:5000
INFO:werkzeug:[33mPress CTRL+C to quit[0m
INFO:werkzeug:127.0.0.1 - - [18/May/2023 15:35:28] "POST /preprocessing HTTP/1.1" 200 -
INFO:werkzeug:[31m[1mWARNING: This is a development server. Do not use it in a production deployment. Use a production WSGI server instead.[0m
 * Running on http://127.0.0.1:5000
INFO:werkzeug:[33mPress CTRL+C to quit[0m
ERROR:app:Exception on /preprocessing [POST]
Traceback (most recent call last):
  File "c:\KULIAH\backend-sentiment\.venv\Lib\site-packages\flask\app.py", line 2190, in wsgi_app
    response = self.full_dispatch_request()
               ^^^^^^^^^^^^^^^^^^^^^^^^^^^^
  File "c:\KULIAH\backend-sentiment\.venv\Lib\site-packages\flask\app.py", line 1486, in full_dispatch_request
    rv = self.handle_user_exception(e)
         ^^^^^^^^^^^^^^^^^^^^^^^^^^^^^
  File "c:\KULIAH\backend-sentiment\.venv\Lib\site-packages\flask_cors\extension.py", line 165, in wrapped_function
    return cors_after_request(app.make_response(f(*args, **kwargs)))
                                                ^^^^^^^^^^^^^^^^^^
  File "c:\KULIAH\backend-sentiment\.venv\Lib\site-packages\flask\app.py", line 1484, in full_dispatch_request
    rv = self.dispatch_request()
         ^^^^^^^^^^^^^^^^^^^^^^^
  File "c:\KULIAH\backend-sentiment\.venv\Lib\site-packages\flask\app.py", line 1469, in dispatch_request
    return self.ensure_sync(self.view_functions[rule.endpoint])(**view_args)
           ^^^^^^^^^^^^^^^^^^^^^^^^^^^^^^^^^^^^^^^^^^^^^^^^^^^^^^^^^^^^^^^^^
  File "C:\KULIAH\backend-sentiment\app.py", line 295, in pre_processing
    'join_text': ' '.join(tweet.get('stemming_text'))
                 ^^^^^^^^^^^^^^^^^^^^^^^^^^^^^^^^^^^^
TypeError: can only join an iterable
INFO:werkzeug:127.0.0.1 - - [18/May/2023 15:43:15] "[35m[1mPOST /preprocessing HTTP/1.1[0m" 500 -
INFO:werkzeug:[31m[1mWARNING: This is a development server. Do not use it in a production deployment. Use a production WSGI server instead.[0m
 * Running on http://127.0.0.1:5000
INFO:werkzeug:[33mPress CTRL+C to quit[0m
INFO:werkzeug:127.0.0.1 - - [18/May/2023 15:48:36] "POST /preprocessing HTTP/1.1" 200 -
INFO:werkzeug:[31m[1mWARNING: This is a development server. Do not use it in a production deployment. Use a production WSGI server instead.[0m
 * Running on http://127.0.0.1:5000
INFO:werkzeug:[33mPress CTRL+C to quit[0m
ERROR:app:Exception on /preprocessing [POST]
Traceback (most recent call last):
  File "c:\KULIAH\backend-sentiment\.venv\Lib\site-packages\flask\app.py", line 2190, in wsgi_app
    response = self.full_dispatch_request()
               ^^^^^^^^^^^^^^^^^^^^^^^^^^^^
  File "c:\KULIAH\backend-sentiment\.venv\Lib\site-packages\flask\app.py", line 1486, in full_dispatch_request
    rv = self.handle_user_exception(e)
         ^^^^^^^^^^^^^^^^^^^^^^^^^^^^^
  File "c:\KULIAH\backend-sentiment\.venv\Lib\site-packages\flask_cors\extension.py", line 165, in wrapped_function
    return cors_after_request(app.make_response(f(*args, **kwargs)))
                                                ^^^^^^^^^^^^^^^^^^
  File "c:\KULIAH\backend-sentiment\.venv\Lib\site-packages\flask\app.py", line 1484, in full_dispatch_request
    rv = self.dispatch_request()
         ^^^^^^^^^^^^^^^^^^^^^^^
  File "c:\KULIAH\backend-sentiment\.venv\Lib\site-packages\flask\app.py", line 1469, in dispatch_request
    return self.ensure_sync(self.view_functions[rule.endpoint])(**view_args)
           ^^^^^^^^^^^^^^^^^^^^^^^^^^^^^^^^^^^^^^^^^^^^^^^^^^^^^^^^^^^^^^^^^
  File "C:\KULIAH\backend-sentiment\app.py", line 295, in pre_processing
    'join_text': ' '.join(tweet.get('stemming_text'))
                 ^^^^^^^^^^^^^^^^^^^^^^^^^^^^^^^^^^^^
TypeError: can only join an iterable
INFO:werkzeug:127.0.0.1 - - [18/May/2023 15:52:34] "[35m[1mPOST /preprocessing HTTP/1.1[0m" 500 -
INFO:werkzeug:[31m[1mWARNING: This is a development server. Do not use it in a production deployment. Use a production WSGI server instead.[0m
 * Running on http://127.0.0.1:5000
INFO:werkzeug:[33mPress CTRL+C to quit[0m
INFO:werkzeug:127.0.0.1 - - [18/May/2023 15:58:11] "POST /preprocessing HTTP/1.1" 200 -
INFO:werkzeug:[31m[1mWARNING: This is a development server. Do not use it in a production deployment. Use a production WSGI server instead.[0m
 * Running on http://127.0.0.1:5000
INFO:werkzeug:[33mPress CTRL+C to quit[0m
ERROR:app:Exception on /preprocessing [POST]
Traceback (most recent call last):
  File "c:\KULIAH\backend-sentiment\.venv\Lib\site-packages\flask\app.py", line 2190, in wsgi_app
    response = self.full_dispatch_request()
               ^^^^^^^^^^^^^^^^^^^^^^^^^^^^
  File "c:\KULIAH\backend-sentiment\.venv\Lib\site-packages\flask\app.py", line 1486, in full_dispatch_request
    rv = self.handle_user_exception(e)
         ^^^^^^^^^^^^^^^^^^^^^^^^^^^^^
  File "c:\KULIAH\backend-sentiment\.venv\Lib\site-packages\flask_cors\extension.py", line 165, in wrapped_function
    return cors_after_request(app.make_response(f(*args, **kwargs)))
                                                ^^^^^^^^^^^^^^^^^^
  File "c:\KULIAH\backend-sentiment\.venv\Lib\site-packages\flask\app.py", line 1484, in full_dispatch_request
    rv = self.dispatch_request()
         ^^^^^^^^^^^^^^^^^^^^^^^
  File "c:\KULIAH\backend-sentiment\.venv\Lib\site-packages\flask\app.py", line 1469, in dispatch_request
    return self.ensure_sync(self.view_functions[rule.endpoint])(**view_args)
           ^^^^^^^^^^^^^^^^^^^^^^^^^^^^^^^^^^^^^^^^^^^^^^^^^^^^^^^^^^^^^^^^^
  File "C:\KULIAH\backend-sentiment\app.py", line 295, in pre_processing
    'join_text': ' '.join(tweet.get('stemming_text'))
                 ^^^^^^^^^^^^^^^^^^^^^^^^^^^^^^^^^^^^
TypeError: can only join an iterable
INFO:werkzeug:127.0.0.1 - - [18/May/2023 15:59:50] "[35m[1mPOST /preprocessing HTTP/1.1[0m" 500 -
INFO:werkzeug:[31m[1mWARNING: This is a development server. Do not use it in a production deployment. Use a production WSGI server instead.[0m
 * Running on http://127.0.0.1:5000
INFO:werkzeug:[33mPress CTRL+C to quit[0m
INFO:werkzeug:127.0.0.1 - - [18/May/2023 16:08:43] "POST /preprocessing HTTP/1.1" 200 -
INFO:werkzeug:[31m[1mWARNING: This is a development server. Do not use it in a production deployment. Use a production WSGI server instead.[0m
 * Running on http://127.0.0.1:5000
INFO:werkzeug:[33mPress CTRL+C to quit[0m
INFO:werkzeug:127.0.0.1 - - [18/May/2023 16:11:34] "POST /preprocessing HTTP/1.1" 200 -
INFO:werkzeug:[31m[1mWARNING: This is a development server. Do not use it in a production deployment. Use a production WSGI server instead.[0m
 * Running on http://127.0.0.1:5000
INFO:werkzeug:[33mPress CTRL+C to quit[0m
INFO:werkzeug:127.0.0.1 - - [18/May/2023 16:15:49] "POST /preprocessing HTTP/1.1" 200 -
ERROR:app:Exception on /processing [POST]
Traceback (most recent call last):
  File "c:\KULIAH\backend-sentiment\.venv\Lib\site-packages\flask\app.py", line 2190, in wsgi_app
    response = self.full_dispatch_request()
               ^^^^^^^^^^^^^^^^^^^^^^^^^^^^
  File "c:\KULIAH\backend-sentiment\.venv\Lib\site-packages\flask\app.py", line 1486, in full_dispatch_request
    rv = self.handle_user_exception(e)
         ^^^^^^^^^^^^^^^^^^^^^^^^^^^^^
  File "c:\KULIAH\backend-sentiment\.venv\Lib\site-packages\flask_cors\extension.py", line 165, in wrapped_function
    return cors_after_request(app.make_response(f(*args, **kwargs)))
                                                ^^^^^^^^^^^^^^^^^^
  File "c:\KULIAH\backend-sentiment\.venv\Lib\site-packages\flask\app.py", line 1484, in full_dispatch_request
    rv = self.dispatch_request()
         ^^^^^^^^^^^^^^^^^^^^^^^
  File "c:\KULIAH\backend-sentiment\.venv\Lib\site-packages\flask\app.py", line 1469, in dispatch_request
    return self.ensure_sync(self.view_functions[rule.endpoint])(**view_args)
           ^^^^^^^^^^^^^^^^^^^^^^^^^^^^^^^^^^^^^^^^^^^^^^^^^^^^^^^^^^^^^^^^^
  File "C:\KULIAH\backend-sentiment\app.py", line 335, in process_data
    tweets = [tweet['Tweet Text'] for tweet in data]
             ^^^^^^^^^^^^^^^^^^^^^^^^^^^^^^^^^^^^^^^
  File "C:\KULIAH\backend-sentiment\app.py", line 335, in <listcomp>
    tweets = [tweet['Tweet Text'] for tweet in data]
              ~~~~~^^^^^^^^^^^^^^
KeyError: 'Tweet Text'
INFO:werkzeug:127.0.0.1 - - [18/May/2023 16:15:59] "[35m[1mPOST /processing HTTP/1.1[0m" 500 -
INFO:werkzeug:127.0.0.1 - - [18/May/2023 16:17:45] "POST /processing HTTP/1.1" 200 -
INFO:werkzeug:[31m[1mWARNING: This is a development server. Do not use it in a production deployment. Use a production WSGI server instead.[0m
 * Running on http://127.0.0.1:5000
INFO:werkzeug:[33mPress CTRL+C to quit[0m
ERROR:app:Exception on /processing [POST]
Traceback (most recent call last):
  File "c:\KULIAH\backend-sentiment\.venv\Lib\site-packages\flask\app.py", line 2190, in wsgi_app
    response = self.full_dispatch_request()
               ^^^^^^^^^^^^^^^^^^^^^^^^^^^^
  File "c:\KULIAH\backend-sentiment\.venv\Lib\site-packages\flask\app.py", line 1486, in full_dispatch_request
    rv = self.handle_user_exception(e)
         ^^^^^^^^^^^^^^^^^^^^^^^^^^^^^
  File "c:\KULIAH\backend-sentiment\.venv\Lib\site-packages\flask_cors\extension.py", line 165, in wrapped_function
    return cors_after_request(app.make_response(f(*args, **kwargs)))
                                                ^^^^^^^^^^^^^^^^^^
  File "c:\KULIAH\backend-sentiment\.venv\Lib\site-packages\flask\app.py", line 1484, in full_dispatch_request
    rv = self.dispatch_request()
         ^^^^^^^^^^^^^^^^^^^^^^^
  File "c:\KULIAH\backend-sentiment\.venv\Lib\site-packages\flask\app.py", line 1469, in dispatch_request
    return self.ensure_sync(self.view_functions[rule.endpoint])(**view_args)
           ^^^^^^^^^^^^^^^^^^^^^^^^^^^^^^^^^^^^^^^^^^^^^^^^^^^^^^^^^^^^^^^^^
  File "C:\KULIAH\backend-sentiment\app.py", line 344, in process_data
    tweets = [tweet['Tweet Text'] for tweet in data]
             ^^^^^^^^^^^^^^^^^^^^^^^^^^^^^^^^^^^^^^^
  File "C:\KULIAH\backend-sentiment\app.py", line 344, in <listcomp>
    tweets = [tweet['Tweet Text'] for tweet in data]
              ~~~~~^^^^^^^^^^^^^^
KeyError: 'Tweet Text'
INFO:werkzeug:127.0.0.1 - - [18/May/2023 21:17:44] "[35m[1mPOST /processing HTTP/1.1[0m" 500 -
INFO:werkzeug:[31m[1mWARNING: This is a development server. Do not use it in a production deployment. Use a production WSGI server instead.[0m
 * Running on http://127.0.0.1:5000
INFO:werkzeug:[33mPress CTRL+C to quit[0m
ERROR:app:Exception on /processing [POST]
Traceback (most recent call last):
  File "c:\KULIAH\backend-sentiment\.venv\Lib\site-packages\flask\app.py", line 2190, in wsgi_app
    response = self.full_dispatch_request()
               ^^^^^^^^^^^^^^^^^^^^^^^^^^^^
  File "c:\KULIAH\backend-sentiment\.venv\Lib\site-packages\flask\app.py", line 1486, in full_dispatch_request
    rv = self.handle_user_exception(e)
         ^^^^^^^^^^^^^^^^^^^^^^^^^^^^^
  File "c:\KULIAH\backend-sentiment\.venv\Lib\site-packages\flask_cors\extension.py", line 165, in wrapped_function
    return cors_after_request(app.make_response(f(*args, **kwargs)))
                                                ^^^^^^^^^^^^^^^^^^
  File "c:\KULIAH\backend-sentiment\.venv\Lib\site-packages\flask\app.py", line 1484, in full_dispatch_request
    rv = self.dispatch_request()
         ^^^^^^^^^^^^^^^^^^^^^^^
  File "c:\KULIAH\backend-sentiment\.venv\Lib\site-packages\flask\app.py", line 1469, in dispatch_request
    return self.ensure_sync(self.view_functions[rule.endpoint])(**view_args)
           ^^^^^^^^^^^^^^^^^^^^^^^^^^^^^^^^^^^^^^^^^^^^^^^^^^^^^^^^^^^^^^^^^
  File "C:\KULIAH\backend-sentiment\app.py", line 344, in process_data
    tweets = [tweet['Tweet Text'] for tweet in data]
             ^^^^^^^^^^^^^^^^^^^^^^^^^^^^^^^^^^^^^^^
  File "C:\KULIAH\backend-sentiment\app.py", line 344, in <listcomp>
    tweets = [tweet['Tweet Text'] for tweet in data]
              ~~~~~^^^^^^^^^^^^^^
KeyError: 'Tweet Text'
INFO:werkzeug:127.0.0.1 - - [18/May/2023 21:18:56] "[35m[1mPOST /processing HTTP/1.1[0m" 500 -
INFO:werkzeug:127.0.0.1 - - [18/May/2023 21:21:25] "POST /preprocessing HTTP/1.1" 200 -
INFO:werkzeug:[31m[1mWARNING: This is a development server. Do not use it in a production deployment. Use a production WSGI server instead.[0m
 * Running on http://127.0.0.1:5000
INFO:werkzeug:[33mPress CTRL+C to quit[0m
INFO:werkzeug:127.0.0.1 - - [18/May/2023 21:31:02] "POST /preprocessing HTTP/1.1" 200 -
INFO:werkzeug:[31m[1mWARNING: This is a development server. Do not use it in a production deployment. Use a production WSGI server instead.[0m
 * Running on http://127.0.0.1:5000
INFO:werkzeug:[33mPress CTRL+C to quit[0m
INFO:werkzeug:127.0.0.1 - - [18/May/2023 21:57:18] "POST /preprocessing HTTP/1.1" 200 -
